# Logfile created on 2016-01-09 20:01:49 +0200 by logger.rb/31641
I, [2016-01-12T20:07:53.659423 #4819]  INFO -- : metenfaeqmcoyx1djb24hrqf5zuz6afr
I, [2016-01-12T20:10:46.253096 #5043]  INFO -- : sgocx7u0j
I, [2016-01-12T20:10:52.286815 #5043]  INFO -- : 15jh4ct8fh1nqa8ofdrznaqthpszmf3t
I, [2016-01-12T20:15:46.910693 #5043]  INFO -- : zdhx0z6lj
I, [2016-01-12T20:21:39.262108 #5043]  INFO -- : aacllu9vf
I, [2016-01-12T20:32:18.831041 #5043]  INFO -- : x2bupt0edwjnqtgsqj5hdfsdmx69kux7
I, [2016-01-12T20:33:39.013782 #5043]  INFO -- : 8emqjwt0evlhf2ewx5wy4zvdcqvp7in4
I, [2016-01-12T20:34:11.548809 #5043]  INFO -- : jieyxlq60
I, [2016-01-12T20:45:58.262568 #14961]  INFO -- : a7pirt871bradw1gtigr79rp81314ahe
I, [2016-01-12T20:47:54.532428 #14961]  INFO -- : 4w1z1iekj
I, [2016-01-12T20:55:55.096126 #14961]  INFO -- : ycacf7tegwr4jy8rsujrpbic0tcz0b1m
I, [2016-01-12T20:56:39.196651 #14961]  INFO -- : 5s2dccor9dktrkbrfcn4prfvtsunlw10
I, [2016-01-12T20:56:45.340467 #14961]  INFO -- : ygc9lc62l0ktj25n26smkw1hukh2ad6z
I, [2016-01-12T20:58:30.912215 #14961]  INFO -- : oinrkws5xiarkq0nmzq51znbfj8fzc6j
I, [2016-01-12T20:59:34.711425 #14961]  INFO -- : 1in76e8mmmv5hjbwifjtundp5yxjo1ho
I, [2016-01-12T20:59:41.981962 #14961]  INFO -- : qzulcl36i5evtxt3hlt5e3yy6nszmd8q
I, [2016-01-12T20:59:58.366243 #14961]  INFO -- : zdlobrib03yu4ltf6d7sua2mpzx3cdmh
I, [2016-01-12T21:00:04.061078 #14961]  INFO -- : sv3yulrpb00w7tctclcizis60jyxaoas
I, [2016-01-12T21:00:14.136226 #14961]  INFO -- : mrvxs0o98d9kawm4xkkhvaskxedta2ab
I, [2016-01-12T21:00:34.014204 #14961]  INFO -- : z9itv9iw770ld1f0medcm0s877w016vh
I, [2016-01-12T21:08:01.198923 #18685]  INFO -- : d3ue8054qta9jcmpmq289s7tb5n7txvv
I, [2016-01-12T21:14:28.040824 #18685]  INFO -- : sf45pm5it1531hgj5lvu17dh87o38xa7
I, [2016-01-12T21:14:42.774287 #18685]  INFO -- : p8y5phjj7wzjaadn1x3a3rvrjxf0rrcm
I, [2016-01-12T21:14:55.316478 #18685]  INFO -- : 9u9q8yd6goeqvvvxvqa523ktb5scseuc
I, [2016-01-12T21:15:08.422599 #18685]  INFO -- : 03mic4ih9px78ltrujimctztlxxstgc8
I, [2016-01-12T21:15:25.732826 #18685]  INFO -- : ti0ksswxxek1xkc7fi27gzs7b7cgnwhe
I, [2016-01-12T21:15:30.850088 #18685]  INFO -- : nzx2j3g5tjj48e3pvbri28xfz7ndrbl2
I, [2016-01-12T21:15:40.294239 #18685]  INFO -- : i7ehza6tx
I, [2016-01-12T21:15:52.251263 #18685]  INFO -- : 0tmot379kj337mac6rvczyk2yv7v7daa
I, [2016-01-12T21:16:36.055110 #18685]  INFO -- : i11wrmd9edm6r2xefu7mcgxlekscd5wt
I, [2016-01-12T21:16:47.920484 #18685]  INFO -- : j81dzbb9u
I, [2016-01-12T21:18:06.321646 #18685]  INFO -- : azkz9fhig
